2022-03-26 19:26:40 [main] INFO b.c.s.rest.CalculatorApplication - Iniciando a api que realiza calculo
2022-03-26 19:26:40 [restartedMain] INFO b.c.s.rest.CalculatorApplication - Iniciando a api que realiza calculo
2022-03-26 19:26:41 [restartedMain] INFO b.c.s.rest.CalculatorApplication - Starting CalculatorApplication on DESKTOP-O9GK8VF with PID 13888 (C:\Gustavo\Desenvolvimento\WORKSPACE_JAVA\calculadora-rest-spring\calculadora\calculator\target\classes started by andre in C:\Gustavo\Desenvolvimento\WORKSPACE_JAVA\calculadora-rest-spring\calculadora\calculator)
2022-03-26 19:26:41 [restartedMain] DEBUG b.c.s.rest.CalculatorApplication - Running with Spring Boot v2.2.6.RELEASE, Spring v5.2.5.RELEASE
2022-03-26 19:26:41 [restartedMain] INFO b.c.s.rest.CalculatorApplication - No active profile set, falling back to default profiles: default
2022-03-26 19:26:43 [restartedMain] INFO o.s.web.context.ContextLoader - Root WebApplicationContext: initialization completed in 2079 ms
2022-03-26 19:26:44 [AMQP Connection 127.0.0.1:5672] ERROR o.s.a.r.c.CachingConnectionFactory - Channel shutdown: channel error; protocol method: #method<channel.close>(reply-code=406, reply-text=PRECONDITION_FAILED - inequivalent arg 'durable' for queue 'resposta.calculadora.queue' in vhost '/': received 'false' but current is 'true', class-id=50, method-id=10)
2022-03-26 19:26:45 [AMQP Connection 127.0.0.1:5672] ERROR o.s.a.r.c.CachingConnectionFactory - Channel shutdown: channel error; protocol method: #method<channel.close>(reply-code=406, reply-text=PRECONDITION_FAILED - inequivalent arg 'durable' for queue 'resposta.calculadora.queue' in vhost '/': received 'false' but current is 'true', class-id=50, method-id=10)
2022-03-26 19:26:47 [AMQP Connection 127.0.0.1:5672] ERROR o.s.a.r.c.CachingConnectionFactory - Channel shutdown: channel error; protocol method: #method<channel.close>(reply-code=406, reply-text=PRECONDITION_FAILED - inequivalent arg 'durable' for queue 'resposta.calculadora.queue' in vhost '/': received 'false' but current is 'true', class-id=50, method-id=10)
2022-03-26 19:26:51 [AMQP Connection 127.0.0.1:5672] ERROR o.s.a.r.c.CachingConnectionFactory - Channel shutdown: channel error; protocol method: #method<channel.close>(reply-code=406, reply-text=PRECONDITION_FAILED - inequivalent arg 'durable' for queue 'resposta.calculadora.queue' in vhost '/': received 'false' but current is 'true', class-id=50, method-id=10)
2022-03-26 19:26:56 [AMQP Connection 127.0.0.1:5672] ERROR o.s.a.r.c.CachingConnectionFactory - Channel shutdown: channel error; protocol method: #method<channel.close>(reply-code=406, reply-text=PRECONDITION_FAILED - inequivalent arg 'durable' for queue 'resposta.calculadora.queue' in vhost '/': received 'false' but current is 'true', class-id=50, method-id=10)
2022-03-26 19:26:56 [restartedMain] INFO b.c.s.rest.CalculatorApplication - Started CalculatorApplication in 16.147 seconds (JVM running for 16.973)
2022-03-26 19:26:56 [restartedMain] INFO b.c.s.rest.CalculatorApplication - API de calculo pronta para realizar as requisições
2022-03-26 19:27:13 [org.springframework.amqp.rabbit.RabbitListenerEndpointContainer#0-1] INFO b.c.s.r.component.RabbitMQConsumer - Mensagem recebida do RabbitMQ (calculator): Operacao [valorA=34.9876, valorB=2, tipoOperacao=Mt, uuid=89895711-a380-4155-a9b2-bb77146a999a, valorFinal=null]
2022-03-26 19:27:13 [org.springframework.amqp.rabbit.RabbitListenerEndpointContainer#0-1] INFO b.c.s.r.c.CalculatorController - Iniciando a operação de calcular
2022-03-26 19:27:13 [org.springframework.amqp.rabbit.RabbitListenerEndpointContainer#0-1] INFO b.c.s.rest.service.RabbitMQSender - Enviando msg = Operacao [valorA=34.9876, valorB=2, tipoOperacao=Mt, uuid=89895711-a380-4155-a9b2-bb77146a999a, valorFinal=1224.13215376]
2022-03-26 19:27:13 [org.springframework.amqp.rabbit.RabbitListenerEndpointContainer#0-1] INFO b.c.s.r.c.CalculatorController - Mensagem com resultado enviada para o RabbitMQ resposta-calculadora com sucesso
2022-03-26 19:27:17 [org.springframework.amqp.rabbit.RabbitListenerEndpointContainer#0-1] INFO b.c.s.r.component.RabbitMQConsumer - Mensagem recebida do RabbitMQ (calculator): Operacao [valorA=15, valorB=56, tipoOperacao=Dm, uuid=2b3d84b4-898a-4788-8281-1eef93a4c99d, valorFinal=null]
2022-03-26 19:27:17 [org.springframework.amqp.rabbit.RabbitListenerEndpointContainer#0-1] INFO b.c.s.r.c.CalculatorController - Iniciando a operação de calcular
2022-03-26 19:27:17 [org.springframework.amqp.rabbit.RabbitListenerEndpointContainer#0-1] INFO b.c.s.rest.service.RabbitMQSender - Enviando msg = Operacao [valorA=15, valorB=56, tipoOperacao=Dm, uuid=2b3d84b4-898a-4788-8281-1eef93a4c99d, valorFinal=-41]
2022-03-26 19:27:17 [org.springframework.amqp.rabbit.RabbitListenerEndpointContainer#0-1] INFO b.c.s.r.c.CalculatorController - Mensagem com resultado enviada para o RabbitMQ resposta-calculadora com sucesso
2022-03-26 19:27:19 [org.springframework.amqp.rabbit.RabbitListenerEndpointContainer#0-1] INFO b.c.s.r.component.RabbitMQConsumer - Mensagem recebida do RabbitMQ (calculator): Operacao [valorA=15.85, valorB=2, tipoOperacao=Mt, uuid=fd42f5fc-fd26-4b11-95a2-b1b7887594e5, valorFinal=null]
2022-03-26 19:27:19 [org.springframework.amqp.rabbit.RabbitListenerEndpointContainer#0-1] INFO b.c.s.r.c.CalculatorController - Iniciando a operação de calcular
2022-03-26 19:27:19 [org.springframework.amqp.rabbit.RabbitListenerEndpointContainer#0-1] INFO b.c.s.rest.service.RabbitMQSender - Enviando msg = Operacao [valorA=15.85, valorB=2, tipoOperacao=Mt, uuid=fd42f5fc-fd26-4b11-95a2-b1b7887594e5, valorFinal=251.2225]
2022-03-26 19:27:19 [org.springframework.amqp.rabbit.RabbitListenerEndpointContainer#0-1] INFO b.c.s.r.c.CalculatorController - Mensagem com resultado enviada para o RabbitMQ resposta-calculadora com sucesso
2022-03-26 19:27:22 [org.springframework.amqp.rabbit.RabbitListenerEndpointContainer#0-1] INFO b.c.s.r.component.RabbitMQConsumer - Mensagem recebida do RabbitMQ (calculator): Operacao [valorA=34.9876, valorB=2, tipoOperacao=Mt, uuid=43bd665b-de1a-4ad4-b52f-f738b90b4c1e, valorFinal=null]
2022-03-26 19:27:22 [org.springframework.amqp.rabbit.RabbitListenerEndpointContainer#0-1] INFO b.c.s.r.c.CalculatorController - Iniciando a operação de calcular
2022-03-26 19:27:22 [org.springframework.amqp.rabbit.RabbitListenerEndpointContainer#0-1] INFO b.c.s.rest.service.RabbitMQSender - Enviando msg = Operacao [valorA=34.9876, valorB=2, tipoOperacao=Mt, uuid=43bd665b-de1a-4ad4-b52f-f738b90b4c1e, valorFinal=1224.13215376]
2022-03-26 19:27:22 [org.springframework.amqp.rabbit.RabbitListenerEndpointContainer#0-1] INFO b.c.s.r.c.CalculatorController - Mensagem com resultado enviada para o RabbitMQ resposta-calculadora com sucesso
2022-03-26 19:27:43 [org.springframework.amqp.rabbit.RabbitListenerEndpointContainer#0-1] INFO b.c.s.r.component.RabbitMQConsumer - Mensagem recebida do RabbitMQ (calculator): Operacao [valorA=34.9876, valorB=2, tipoOperacao=Mt, uuid=bc176cab-06cd-40e8-8666-b42987ddd6da, valorFinal=null]
2022-03-26 19:27:43 [org.springframework.amqp.rabbit.RabbitListenerEndpointContainer#0-1] INFO b.c.s.r.c.CalculatorController - Iniciando a operação de calcular
2022-03-26 19:27:43 [org.springframework.amqp.rabbit.RabbitListenerEndpointContainer#0-1] INFO b.c.s.rest.service.RabbitMQSender - Enviando msg = Operacao [valorA=34.9876, valorB=2, tipoOperacao=Mt, uuid=bc176cab-06cd-40e8-8666-b42987ddd6da, valorFinal=1224.13215376]
2022-03-26 19:27:43 [org.springframework.amqp.rabbit.RabbitListenerEndpointContainer#0-1] INFO b.c.s.r.c.CalculatorController - Mensagem com resultado enviada para o RabbitMQ resposta-calculadora com sucesso
2022-03-26 19:30:55 [main] INFO b.c.s.rest.CalculatorApplication - Iniciando a api que realiza calculo
2022-03-26 19:30:55 [restartedMain] INFO b.c.s.rest.CalculatorApplication - Iniciando a api que realiza calculo
2022-03-26 19:30:56 [restartedMain] INFO b.c.s.rest.CalculatorApplication - Starting CalculatorApplication on DESKTOP-O9GK8VF with PID 16448 (C:\Gustavo\Desenvolvimento\WORKSPACE_JAVA\calculadora-rest-spring\calculadora\calculator\target\classes started by andre in C:\Gustavo\Desenvolvimento\WORKSPACE_JAVA\calculadora-rest-spring\calculadora\calculator)
2022-03-26 19:30:56 [restartedMain] DEBUG b.c.s.rest.CalculatorApplication - Running with Spring Boot v2.2.6.RELEASE, Spring v5.2.5.RELEASE
2022-03-26 19:30:56 [restartedMain] INFO b.c.s.rest.CalculatorApplication - No active profile set, falling back to default profiles: default
2022-03-26 19:30:58 [restartedMain] INFO o.s.web.context.ContextLoader - Root WebApplicationContext: initialization completed in 2129 ms
2022-03-26 19:30:59 [AMQP Connection 127.0.0.1:5672] ERROR o.s.a.r.c.CachingConnectionFactory - Channel shutdown: channel error; protocol method: #method<channel.close>(reply-code=406, reply-text=PRECONDITION_FAILED - inequivalent arg 'durable' for queue 'resposta.calculadora.queue' in vhost '/': received 'false' but current is 'true', class-id=50, method-id=10)
2022-03-26 19:31:00 [AMQP Connection 127.0.0.1:5672] ERROR o.s.a.r.c.CachingConnectionFactory - Channel shutdown: channel error; protocol method: #method<channel.close>(reply-code=406, reply-text=PRECONDITION_FAILED - inequivalent arg 'durable' for queue 'resposta.calculadora.queue' in vhost '/': received 'false' but current is 'true', class-id=50, method-id=10)
2022-03-26 19:31:02 [AMQP Connection 127.0.0.1:5672] ERROR o.s.a.r.c.CachingConnectionFactory - Channel shutdown: channel error; protocol method: #method<channel.close>(reply-code=406, reply-text=PRECONDITION_FAILED - inequivalent arg 'durable' for queue 'resposta.calculadora.queue' in vhost '/': received 'false' but current is 'true', class-id=50, method-id=10)
2022-03-26 19:31:06 [AMQP Connection 127.0.0.1:5672] ERROR o.s.a.r.c.CachingConnectionFactory - Channel shutdown: channel error; protocol method: #method<channel.close>(reply-code=406, reply-text=PRECONDITION_FAILED - inequivalent arg 'durable' for queue 'resposta.calculadora.queue' in vhost '/': received 'false' but current is 'true', class-id=50, method-id=10)
2022-03-26 19:31:11 [AMQP Connection 127.0.0.1:5672] ERROR o.s.a.r.c.CachingConnectionFactory - Channel shutdown: channel error; protocol method: #method<channel.close>(reply-code=406, reply-text=PRECONDITION_FAILED - inequivalent arg 'durable' for queue 'resposta.calculadora.queue' in vhost '/': received 'false' but current is 'true', class-id=50, method-id=10)
2022-03-26 19:31:11 [restartedMain] INFO b.c.s.rest.CalculatorApplication - Started CalculatorApplication in 16.185 seconds (JVM running for 16.98)
2022-03-26 19:31:11 [restartedMain] INFO b.c.s.rest.CalculatorApplication - API de calculo pronta para realizar as requisições
2022-03-26 19:31:22 [org.springframework.amqp.rabbit.RabbitListenerEndpointContainer#0-1] INFO b.c.s.r.component.RabbitMQConsumer - Mensagem recebida do RabbitMQ (calculator): Operacao [valorA=450.23, valorB=56.76, tipoOperacao=Sm, uuid=92970862-a205-4da9-8166-d734e03e63af, valorFinal=null]
2022-03-26 19:31:22 [org.springframework.amqp.rabbit.RabbitListenerEndpointContainer#0-1] INFO b.c.s.r.c.CalculatorController - Iniciando a operação de calcular
2022-03-26 19:31:22 [org.springframework.amqp.rabbit.RabbitListenerEndpointContainer#0-1] INFO b.c.s.rest.service.RabbitMQSender - Enviando msg = Operacao [valorA=450.23, valorB=56.76, tipoOperacao=Sm, uuid=92970862-a205-4da9-8166-d734e03e63af, valorFinal=506.99]
2022-03-26 19:31:22 [org.springframework.amqp.rabbit.RabbitListenerEndpointContainer#0-1] INFO b.c.s.r.c.CalculatorController - Mensagem com resultado enviada para o RabbitMQ resposta-calculadora com sucesso
2022-03-26 19:31:34 [org.springframework.amqp.rabbit.RabbitListenerEndpointContainer#0-1] INFO b.c.s.r.component.RabbitMQConsumer - Mensagem recebida do RabbitMQ (calculator): Operacao [valorA=15, valorB=56, tipoOperacao=Dm, uuid=d306b1c1-479f-4ac5-b038-812d020aa056, valorFinal=null]
2022-03-26 19:31:34 [org.springframework.amqp.rabbit.RabbitListenerEndpointContainer#0-1] INFO b.c.s.r.c.CalculatorController - Iniciando a operação de calcular
2022-03-26 19:31:34 [org.springframework.amqp.rabbit.RabbitListenerEndpointContainer#0-1] INFO b.c.s.rest.service.RabbitMQSender - Enviando msg = Operacao [valorA=15, valorB=56, tipoOperacao=Dm, uuid=d306b1c1-479f-4ac5-b038-812d020aa056, valorFinal=-41]
2022-03-26 19:31:34 [org.springframework.amqp.rabbit.RabbitListenerEndpointContainer#0-1] INFO b.c.s.r.c.CalculatorController - Mensagem com resultado enviada para o RabbitMQ resposta-calculadora com sucesso
2022-03-26 19:31:36 [org.springframework.amqp.rabbit.RabbitListenerEndpointContainer#0-1] INFO b.c.s.r.component.RabbitMQConsumer - Mensagem recebida do RabbitMQ (calculator): Operacao [valorA=15.85, valorB=2, tipoOperacao=Mt, uuid=62687777-888a-42cc-b978-4378b7c0c9df, valorFinal=null]
2022-03-26 19:31:36 [org.springframework.amqp.rabbit.RabbitListenerEndpointContainer#0-1] INFO b.c.s.r.c.CalculatorController - Iniciando a operação de calcular
2022-03-26 19:31:36 [org.springframework.amqp.rabbit.RabbitListenerEndpointContainer#0-1] INFO b.c.s.rest.service.RabbitMQSender - Enviando msg = Operacao [valorA=15.85, valorB=2, tipoOperacao=Mt, uuid=62687777-888a-42cc-b978-4378b7c0c9df, valorFinal=251.2225]
2022-03-26 19:31:36 [org.springframework.amqp.rabbit.RabbitListenerEndpointContainer#0-1] INFO b.c.s.r.c.CalculatorController - Mensagem com resultado enviada para o RabbitMQ resposta-calculadora com sucesso
2022-03-26 19:31:39 [org.springframework.amqp.rabbit.RabbitListenerEndpointContainer#0-1] INFO b.c.s.r.component.RabbitMQConsumer - Mensagem recebida do RabbitMQ (calculator): Operacao [valorA=34.9876, valorB=2, tipoOperacao=Mt, uuid=85b212f3-4a92-45d5-8450-200b02f99485, valorFinal=null]
2022-03-26 19:31:39 [org.springframework.amqp.rabbit.RabbitListenerEndpointContainer#0-1] INFO b.c.s.r.c.CalculatorController - Iniciando a operação de calcular
2022-03-26 19:31:39 [org.springframework.amqp.rabbit.RabbitListenerEndpointContainer#0-1] INFO b.c.s.rest.service.RabbitMQSender - Enviando msg = Operacao [valorA=34.9876, valorB=2, tipoOperacao=Mt, uuid=85b212f3-4a92-45d5-8450-200b02f99485, valorFinal=1224.13215376]
2022-03-26 19:31:39 [org.springframework.amqp.rabbit.RabbitListenerEndpointContainer#0-1] INFO b.c.s.r.c.CalculatorController - Mensagem com resultado enviada para o RabbitMQ resposta-calculadora com sucesso
2022-03-26 19:31:55 [org.springframework.amqp.rabbit.RabbitListenerEndpointContainer#0-1] INFO b.c.s.r.component.RabbitMQConsumer - Mensagem recebida do RabbitMQ (calculator): Operacao [valorA=34.9876, valorB=2, tipoOperacao=Mt, uuid=1eb3d844-829b-4078-b6f1-3fb905267a00, valorFinal=null]
2022-03-26 19:31:55 [org.springframework.amqp.rabbit.RabbitListenerEndpointContainer#0-1] INFO b.c.s.r.c.CalculatorController - Iniciando a operação de calcular
2022-03-26 19:31:55 [org.springframework.amqp.rabbit.RabbitListenerEndpointContainer#0-1] INFO b.c.s.rest.service.RabbitMQSender - Enviando msg = Operacao [valorA=34.9876, valorB=2, tipoOperacao=Mt, uuid=1eb3d844-829b-4078-b6f1-3fb905267a00, valorFinal=1224.13215376]
2022-03-26 19:31:55 [org.springframework.amqp.rabbit.RabbitListenerEndpointContainer#0-1] INFO b.c.s.r.c.CalculatorController - Mensagem com resultado enviada para o RabbitMQ resposta-calculadora com sucesso
2022-03-26 19:32:06 [org.springframework.amqp.rabbit.RabbitListenerEndpointContainer#0-1] INFO b.c.s.r.component.RabbitMQConsumer - Mensagem recebida do RabbitMQ (calculator): Operacao [valorA=15.85, valorB=2, tipoOperacao=Mt, uuid=eff12a2f-c080-438b-9936-8d29e933d792, valorFinal=null]
2022-03-26 19:32:06 [org.springframework.amqp.rabbit.RabbitListenerEndpointContainer#0-1] INFO b.c.s.r.c.CalculatorController - Iniciando a operação de calcular
2022-03-26 19:32:06 [org.springframework.amqp.rabbit.RabbitListenerEndpointContainer#0-1] INFO b.c.s.rest.service.RabbitMQSender - Enviando msg = Operacao [valorA=15.85, valorB=2, tipoOperacao=Mt, uuid=eff12a2f-c080-438b-9936-8d29e933d792, valorFinal=251.2225]
2022-03-26 19:32:06 [org.springframework.amqp.rabbit.RabbitListenerEndpointContainer#0-1] INFO b.c.s.r.c.CalculatorController - Mensagem com resultado enviada para o RabbitMQ resposta-calculadora com sucesso
