2022-03-24 08:37:20.644  WARN 10960 --- [main] ory$DuplicateJsonObjectContextCustomizer : 

Found multiple occurrences of org.json.JSONObject on the class path:

	jar:file:/C:/Users/andre/.m2/repository/com/vaadin/external/google/android-json/0.0.20131108.vaadin1/android-json-0.0.20131108.vaadin1.jar!/org/json/JSONObject.class
	jar:file:/C:/Users/andre/.m2/repository/org/json/json/20211205/json-20211205.jar!/org/json/JSONObject.class

You may wish to exclude one of them to ensure predictable runtime behavior

2022-03-24 08:37:20.676  INFO 10960 --- [main] b.c.s.r.e.EndpointApplicationTests       : Starting EndpointApplicationTests on DESKTOP-O9GK8VF with PID 10960 (started by andre in C:\Gustavo\Desenvolvimento\WORKSPACE_JAVA\calculadora-rest-spring\calculadora\endpoint)
2022-03-24 08:37:20.677  INFO 10960 --- [main] b.c.s.r.e.EndpointApplicationTests       : No active profile set, falling back to default profiles: default
2022-03-24 08:37:25.892  INFO 10960 --- [main] o.s.s.concurrent.ThreadPoolTaskExecutor  : Initializing ExecutorService 'applicationTaskExecutor'
2022-03-24 08:37:26.850  INFO 10960 --- [main] o.s.a.r.c.CachingConnectionFactory       : Attempting to connect to: [localhost:5672]
2022-03-24 08:37:27.016  INFO 10960 --- [main] o.s.a.r.c.CachingConnectionFactory       : Created new connection: rabbitConnectionFactory#574a89e2:0/SimpleConnection@1ac6dd3d [delegate=amqp://guest@127.0.0.1:5672/, localPort= 64221]
2022-03-24 08:37:27.072  INFO 10960 --- [main] o.s.amqp.rabbit.core.RabbitAdmin         : Auto-declaring a non-durable, auto-delete, or exclusive Queue (calculadora.queue) durable:false, auto-delete:false, exclusive:false. It will be redeclared if the broker stops and is restarted while the connection factory is alive, but all messages will be lost.
2022-03-24 08:37:27.700  INFO 10960 --- [main] b.c.s.r.e.EndpointApplicationTests       : Started EndpointApplicationTests in 7.896 seconds (JVM running for 11.976)
2022-03-24 08:37:28.779  INFO 10960 --- [SpringContextShutdownHook] o.s.a.r.l.SimpleMessageListenerContainer : Waiting for workers to finish.
2022-03-24 08:37:29.694  INFO 10960 --- [SpringContextShutdownHook] o.s.a.r.l.SimpleMessageListenerContainer : Successfully waited for workers to finish.
2022-03-24 08:37:29.699  INFO 10960 --- [SpringContextShutdownHook] o.s.a.r.l.SimpleMessageListenerContainer : Shutdown ignored - container is not active already
2022-03-24 08:37:29.700  INFO 10960 --- [SpringContextShutdownHook] o.s.s.concurrent.ThreadPoolTaskExecutor  : Shutting down ExecutorService 'applicationTaskExecutor'
2022-03-24 08:41:49.889  INFO 6436 --- [restartedMain] br.com.spring.rest.EndpointApplication   : Starting EndpointApplication on DESKTOP-O9GK8VF with PID 6436 (C:\Gustavo\Desenvolvimento\WORKSPACE_JAVA\calculadora-rest-spring\calculadora\endpoint\target\classes started by andre in C:\Gustavo\Desenvolvimento\WORKSPACE_JAVA\calculadora-rest-spring\calculadora\endpoint)
2022-03-24 08:41:49.892  INFO 6436 --- [restartedMain] br.com.spring.rest.EndpointApplication   : No active profile set, falling back to default profiles: default
2022-03-24 08:41:50.047  INFO 6436 --- [restartedMain] .e.DevToolsPropertyDefaultsPostProcessor : Devtools property defaults active! Set 'spring.devtools.add-properties' to 'false' to disable
2022-03-24 08:41:50.047  INFO 6436 --- [restartedMain] .e.DevToolsPropertyDefaultsPostProcessor : For additional web related logging consider setting the 'logging.level.web' property to 'DEBUG'
2022-03-24 08:41:52.335  INFO 6436 --- [restartedMain] o.s.b.w.embedded.tomcat.TomcatWebServer  : Tomcat initialized with port(s): 8080 (http)
2022-03-24 08:41:52.357  INFO 6436 --- [restartedMain] o.apache.catalina.core.StandardService   : Starting service [Tomcat]
2022-03-24 08:41:52.358  INFO 6436 --- [restartedMain] org.apache.catalina.core.StandardEngine  : Starting Servlet engine: [Apache Tomcat/9.0.33]
2022-03-24 08:41:52.495  INFO 6436 --- [restartedMain] o.a.c.c.C.[Tomcat].[localhost].[/]       : Initializing Spring embedded WebApplicationContext
2022-03-24 08:41:52.496  INFO 6436 --- [restartedMain] o.s.web.context.ContextLoader            : Root WebApplicationContext: initialization completed in 2448 ms
2022-03-24 08:41:53.430  INFO 6436 --- [restartedMain] o.s.s.concurrent.ThreadPoolTaskExecutor  : Initializing ExecutorService 'applicationTaskExecutor'
2022-03-24 08:41:53.858  WARN 6436 --- [restartedMain] o.s.b.d.a.OptionalLiveReloadServer       : Unable to start LiveReload server
2022-03-24 08:41:53.996  INFO 6436 --- [restartedMain] o.s.a.r.c.CachingConnectionFactory       : Attempting to connect to: [localhost:5672]
2022-03-24 08:41:54.116  INFO 6436 --- [restartedMain] o.s.a.r.c.CachingConnectionFactory       : Created new connection: rabbitConnectionFactory#7ebebae:0/SimpleConnection@f2c1e0d [delegate=amqp://guest@127.0.0.1:5672/, localPort= 64246]
2022-03-24 08:41:54.125  INFO 6436 --- [restartedMain] o.s.amqp.rabbit.core.RabbitAdmin         : Auto-declaring a non-durable, auto-delete, or exclusive Queue (calculadora.queue) durable:false, auto-delete:false, exclusive:false. It will be redeclared if the broker stops and is restarted while the connection factory is alive, but all messages will be lost.
2022-03-24 08:41:54.320  INFO 6436 --- [restartedMain] o.s.b.w.embedded.tomcat.TomcatWebServer  : Tomcat started on port(s): 8080 (http) with context path ''
2022-03-24 08:41:54.327  INFO 6436 --- [restartedMain] br.com.spring.rest.EndpointApplication   : Started EndpointApplication in 5.25 seconds (JVM running for 6.152)
2022-03-24 08:41:54.337  INFO 6436 --- [restartedMain] br.com.spring.rest.EndpointApplication   : API com endpoints pronta para receber as requisições
2022-03-24 08:42:07.219  INFO 6436 --- [http-nio-8080-exec-1] o.a.c.c.C.[Tomcat].[localhost].[/]       : Initializing Spring DispatcherServlet 'dispatcherServlet'
2022-03-24 08:42:07.219  INFO 6436 --- [http-nio-8080-exec-1] o.s.web.servlet.DispatcherServlet        : Initializing Servlet 'dispatcherServlet'
2022-03-24 08:42:07.232  INFO 6436 --- [http-nio-8080-exec-1] o.s.web.servlet.DispatcherServlet        : Completed initialization in 13 ms
2022-03-24 08:42:07.298  INFO 6436 --- [http-nio-8080-exec-1] b.c.spring.rest.service.RabbitMQSender   : Enviando msg = Operacao [valorA=450.23, valorB=56.76, tipoOperacao=Sm]
2022-03-24 08:42:07.415  INFO 6436 --- [http-nio-8080-exec-1] b.c.s.r.controller.EndpointController    : Mensagem Somar enviada para o RabbitMQ calculadora com sucesso
2022-03-24 08:42:07.415  INFO 6436 --- [http-nio-8080-exec-1] b.c.s.rest.service.ResultadoService      : Aguardando resposta da fila para montar e devolver o JSON
2022-03-24 08:42:07.927  WARN 6436 --- [org.springframework.amqp.rabbit.RabbitListenerEndpointContainer#0-1] o.s.a.s.c.Jackson2JsonMessageConverter   : Could not convert incoming message with content-type [text/plain], 'json' keyword missing.
2022-03-24 08:42:07.939  INFO 6436 --- [org.springframework.amqp.rabbit.RabbitListenerEndpointContainer#0-1] b.c.s.rest.component.RabbitMQConsumer    : Mensagem recebida do RabbitMQ (endpoint): 506.99
2022-03-24 08:42:08.073  INFO 6436 --- [http-nio-8080-exec-1] b.c.s.rest.service.ResultadoService      : Devolvendo o resultado:506.99
2022-03-24 08:46:38.867  WARN 13680 --- [main] ory$DuplicateJsonObjectContextCustomizer : 

Found multiple occurrences of org.json.JSONObject on the class path:

	jar:file:/C:/Users/andre/.m2/repository/com/vaadin/external/google/android-json/0.0.20131108.vaadin1/android-json-0.0.20131108.vaadin1.jar!/org/json/JSONObject.class
	jar:file:/C:/Users/andre/.m2/repository/org/json/json/20211205/json-20211205.jar!/org/json/JSONObject.class

You may wish to exclude one of them to ensure predictable runtime behavior

2022-03-24 08:46:38.900  INFO 13680 --- [main] b.c.s.r.e.EndpointApplicationTests       : Starting EndpointApplicationTests on DESKTOP-O9GK8VF with PID 13680 (started by andre in C:\Gustavo\Desenvolvimento\WORKSPACE_JAVA\calculadora-rest-spring\calculadora\endpoint)
2022-03-24 08:46:38.902  INFO 13680 --- [main] b.c.s.r.e.EndpointApplicationTests       : No active profile set, falling back to default profiles: default
2022-03-24 08:46:42.133  INFO 13680 --- [main] o.s.s.concurrent.ThreadPoolTaskExecutor  : Initializing ExecutorService 'applicationTaskExecutor'
2022-03-24 08:46:43.002  INFO 13680 --- [main] o.s.a.r.c.CachingConnectionFactory       : Attempting to connect to: [localhost:5672]
2022-03-24 08:46:43.110  INFO 13680 --- [main] o.s.a.r.c.CachingConnectionFactory       : Created new connection: rabbitConnectionFactory#3dd31157:0/SimpleConnection@794f11cd [delegate=amqp://guest@127.0.0.1:5672/, localPort= 64270]
2022-03-24 08:46:43.122  INFO 13680 --- [main] o.s.amqp.rabbit.core.RabbitAdmin         : Auto-declaring a non-durable, auto-delete, or exclusive Queue (calculadora.queue) durable:false, auto-delete:false, exclusive:false. It will be redeclared if the broker stops and is restarted while the connection factory is alive, but all messages will be lost.
2022-03-24 08:46:43.368  INFO 13680 --- [main] b.c.s.r.e.EndpointApplicationTests       : Started EndpointApplicationTests in 5.383 seconds (JVM running for 7.403)
2022-03-24 08:46:44.180  INFO 13680 --- [SpringContextShutdownHook] o.s.a.r.l.SimpleMessageListenerContainer : Waiting for workers to finish.
2022-03-24 08:46:44.368  INFO 13680 --- [SpringContextShutdownHook] o.s.a.r.l.SimpleMessageListenerContainer : Successfully waited for workers to finish.
2022-03-24 08:46:44.373  INFO 13680 --- [SpringContextShutdownHook] o.s.a.r.l.SimpleMessageListenerContainer : Shutdown ignored - container is not active already
2022-03-24 08:46:44.374  INFO 13680 --- [SpringContextShutdownHook] o.s.s.concurrent.ThreadPoolTaskExecutor  : Shutting down ExecutorService 'applicationTaskExecutor'
2022-03-24 08:47:59.061  INFO 8376 --- [restartedMain] br.com.spring.rest.EndpointApplication   : Starting EndpointApplication on DESKTOP-O9GK8VF with PID 8376 (C:\Gustavo\Desenvolvimento\WORKSPACE_JAVA\calculadora-rest-spring\calculadora\endpoint\target\classes started by andre in C:\Gustavo\Desenvolvimento\WORKSPACE_JAVA\calculadora-rest-spring\calculadora\endpoint)
2022-03-24 08:47:59.064  INFO 8376 --- [restartedMain] br.com.spring.rest.EndpointApplication   : No active profile set, falling back to default profiles: default
2022-03-24 08:47:59.189  INFO 8376 --- [restartedMain] .e.DevToolsPropertyDefaultsPostProcessor : Devtools property defaults active! Set 'spring.devtools.add-properties' to 'false' to disable
2022-03-24 08:47:59.191  INFO 8376 --- [restartedMain] .e.DevToolsPropertyDefaultsPostProcessor : For additional web related logging consider setting the 'logging.level.web' property to 'DEBUG'
2022-03-24 08:48:01.371  INFO 8376 --- [restartedMain] o.s.b.w.embedded.tomcat.TomcatWebServer  : Tomcat initialized with port(s): 8080 (http)
2022-03-24 08:48:01.389  INFO 8376 --- [restartedMain] o.apache.catalina.core.StandardService   : Starting service [Tomcat]
2022-03-24 08:48:01.389  INFO 8376 --- [restartedMain] org.apache.catalina.core.StandardEngine  : Starting Servlet engine: [Apache Tomcat/9.0.33]
2022-03-24 08:48:01.530  INFO 8376 --- [restartedMain] o.a.c.c.C.[Tomcat].[localhost].[/]       : Initializing Spring embedded WebApplicationContext
2022-03-24 08:48:01.531  INFO 8376 --- [restartedMain] o.s.web.context.ContextLoader            : Root WebApplicationContext: initialization completed in 2339 ms
2022-03-24 08:48:02.426  INFO 8376 --- [restartedMain] o.s.s.concurrent.ThreadPoolTaskExecutor  : Initializing ExecutorService 'applicationTaskExecutor'
2022-03-24 08:48:02.904  WARN 8376 --- [restartedMain] o.s.b.d.a.OptionalLiveReloadServer       : Unable to start LiveReload server
2022-03-24 08:48:03.097  INFO 8376 --- [restartedMain] o.s.a.r.c.CachingConnectionFactory       : Attempting to connect to: [localhost:5672]
2022-03-24 08:48:03.252  INFO 8376 --- [restartedMain] o.s.a.r.c.CachingConnectionFactory       : Created new connection: rabbitConnectionFactory#1e85a23:0/SimpleConnection@1721066c [delegate=amqp://guest@127.0.0.1:5672/, localPort= 64278]
2022-03-24 08:48:03.270  INFO 8376 --- [restartedMain] o.s.amqp.rabbit.core.RabbitAdmin         : Auto-declaring a non-durable, auto-delete, or exclusive Queue (calculadora.queue) durable:false, auto-delete:false, exclusive:false. It will be redeclared if the broker stops and is restarted while the connection factory is alive, but all messages will be lost.
2022-03-24 08:48:03.447  INFO 8376 --- [restartedMain] o.s.b.w.embedded.tomcat.TomcatWebServer  : Tomcat started on port(s): 8080 (http) with context path ''
2022-03-24 08:48:03.453  INFO 8376 --- [restartedMain] br.com.spring.rest.EndpointApplication   : Started EndpointApplication in 5.162 seconds (JVM running for 6.119)
2022-03-24 08:48:03.470  INFO 8376 --- [restartedMain] br.com.spring.rest.EndpointApplication   : API com endpoints pronta para receber as requisições
2022-03-24 08:48:30.261  INFO 8376 --- [http-nio-8080-exec-1] o.a.c.c.C.[Tomcat].[localhost].[/]       : Initializing Spring DispatcherServlet 'dispatcherServlet'
2022-03-24 08:48:30.261  INFO 8376 --- [http-nio-8080-exec-1] o.s.web.servlet.DispatcherServlet        : Initializing Servlet 'dispatcherServlet'
2022-03-24 08:48:30.273  INFO 8376 --- [http-nio-8080-exec-1] o.s.web.servlet.DispatcherServlet        : Completed initialization in 11 ms
2022-03-24 08:48:30.339  INFO 8376 --- [http-nio-8080-exec-1] b.c.spring.rest.service.RabbitMQSender   : Enviando msg = Operacao [valorA=450.23, valorB=56.76, tipoOperacao=Sm]
2022-03-24 08:48:30.461  INFO 8376 --- [http-nio-8080-exec-1] b.c.s.r.controller.EndpointController    : Mensagem Somar enviada para o RabbitMQ calculadora com sucesso
2022-03-24 08:48:30.461  INFO 8376 --- [http-nio-8080-exec-1] b.c.s.rest.service.ResultadoService      : Aguardando resposta da fila para montar e devolver o JSON
2022-03-24 08:48:30.607  WARN 8376 --- [org.springframework.amqp.rabbit.RabbitListenerEndpointContainer#0-1] o.s.a.s.c.Jackson2JsonMessageConverter   : Could not convert incoming message with content-type [text/plain], 'json' keyword missing.
2022-03-24 08:48:30.620  INFO 8376 --- [org.springframework.amqp.rabbit.RabbitListenerEndpointContainer#0-1] b.c.s.rest.component.RabbitMQConsumer    : Mensagem recebida do RabbitMQ (endpoint): 506.99
2022-03-24 08:48:30.815  INFO 8376 --- [http-nio-8080-exec-1] b.c.s.rest.service.ResultadoService      : Devolvendo o resultado:506.99
